=== Successfully Analyzed Files with No Output ===
/home/minilie/ohos/OH5/base/hiviewdfx/hiview_lite/hiview_config.c
/home/minilie/ohos/OH5/base/startup/init/interfaces/hals/utils/sys_param/hal_sys_param.c
/home/minilie/ohos/OH5/base/startup/init/remount/remount.c
/home/minilie/ohos/OH5/base/startup/init/services/modules/init_hook/param_hook.c
/home/minilie/ohos/OH5/build/misc/sanitizers/sanitizer_options.cc
/home/minilie/ohos/OH5/third_party/zlib/inffast.c
/home/minilie/ohos/OH5/third_party/zlib/inftrees.c
/home/minilie/ohos/OH5/device/qemu/riscv32_virt/liteos_m/board/driver/cfiflash/cfiflash_fs_hal.c
/home/minilie/ohos/OH5/device/qemu/riscv32_virt/liteos_m/board/test/test_demo.c
/home/minilie/ohos/OH5/out/riscv32_virt/qemu_riscv_mini_system_demo/gen/device/qemu/riscv32_virt/liteos_m/hdf_config/hdf_hex.c
/home/minilie/ohos/OH5/drivers/hdf_core/framework/support/platform/src/fwk/platform_trace_unopen.c
/home/minilie/ohos/OH5/foundation/ability/ability_lite/services/abilitymgr_lite/src/slite/slite_ability_loader.cpp
/home/minilie/ohos/OH5/foundation/arkui/ace_engine_lite/frameworks/src/core/components/analog_clock_component.cpp
/home/minilie/ohos/OH5/foundation/arkui/ace_engine_lite/frameworks/src/core/components/camera_component.cpp
/home/minilie/ohos/OH5/foundation/arkui/ace_engine_lite/frameworks/src/core/components/clock_hand_component.cpp
/home/minilie/ohos/OH5/foundation/arkui/ace_engine_lite/frameworks/src/core/components/panel_view.cpp
/home/minilie/ohos/OH5/foundation/arkui/ace_engine_lite/frameworks/src/core/components/tab_bar_component.cpp
/home/minilie/ohos/OH5/foundation/arkui/ace_engine_lite/frameworks/src/core/components/tab_content_component.cpp
/home/minilie/ohos/OH5/foundation/arkui/ace_engine_lite/frameworks/src/core/components/tabs_component.cpp
/home/minilie/ohos/OH5/foundation/arkui/ace_engine_lite/frameworks/src/core/components/video_component.cpp
/home/minilie/ohos/OH5/foundation/arkui/ace_engine_lite/frameworks/src/core/components/video_view.cpp
/home/minilie/ohos/OH5/foundation/arkui/ace_engine_lite/frameworks/src/core/context/ace_event_error_code.cpp
/home/minilie/ohos/OH5/foundation/arkui/ace_engine_lite/frameworks/src/core/dialog/js_dialog.cpp
/home/minilie/ohos/OH5/foundation/arkui/ace_engine_lite/frameworks/src/core/modules/dialog_module.cpp
/home/minilie/ohos/OH5/foundation/arkui/ace_engine_lite/frameworks/src/core/modules/presets/cjson_parser.cpp
/home/minilie/ohos/OH5/foundation/arkui/ace_engine_lite/frameworks/src/core/modules/presets/date_time_format_module.cpp
/home/minilie/ohos/OH5/foundation/arkui/ace_engine_lite/frameworks/src/core/modules/presets/localization_module.cpp
/home/minilie/ohos/OH5/foundation/arkui/ace_engine_lite/frameworks/src/core/modules/presets/version_module.cpp
/home/minilie/ohos/OH5/foundation/arkui/ace_engine_lite/frameworks/src/core/modules/sample_module.cpp
/home/minilie/ohos/OH5/foundation/arkui/ace_engine_lite/frameworks/src/core/resource/video_muted_image_res.cpp
/home/minilie/ohos/OH5/foundation/arkui/ace_engine_lite/frameworks/src/core/resource/video_play_image_res.cpp
/home/minilie/ohos/OH5/foundation/arkui/ace_engine_lite/frameworks/common/log/ace_log.cpp
/home/minilie/ohos/OH5/foundation/arkui/ace_engine_lite/frameworks/common/memory/mem_proc.cpp
/home/minilie/ohos/OH5/foundation/arkui/ui_lite/frameworks/common/image_decode_ability.cpp
/home/minilie/ohos/OH5/foundation/arkui/ui_lite/frameworks/default_resource/check_box_res.cpp
/home/minilie/ohos/OH5/foundation/arkui/ui_lite/frameworks/dfx/performance_task.cpp
/home/minilie/ohos/OH5/foundation/arkui/ui_lite/frameworks/dock/vibrator_manager.cpp
/home/minilie/ohos/OH5/foundation/arkui/ui_lite/frameworks/font/ui_line_break.cpp
/home/minilie/ohos/OH5/foundation/arkui/ui_lite/frameworks/font/ui_text_shaping.cpp
/home/minilie/ohos/OH5/foundation/graphic/graphic_utils_lite/frameworks/graphic_performance.cpp
/home/minilie/ohos/OH5/foundation/graphic/graphic_utils_lite/frameworks/hal_cpu.cpp
/home/minilie/ohos/OH5/foundation/graphic/graphic_utils_lite/frameworks/pixel_format_utils.cpp
/home/minilie/ohos/OH5/foundation/graphic/graphic_utils_lite/frameworks/version.cpp
/home/minilie/ohos/OH5/foundation/systemabilitymgr/samgr_lite/samgr/registry/service_registry.c
/home/minilie/ohos/OH5/foundation/systemabilitymgr/samgr_lite/samgr/source/iunknown.c
/home/minilie/ohos/OH5/kernel/liteos_m/components/net/lwip-2.1/enhancement/src/lwip_ifaddrs.c
/home/minilie/ohos/OH5/third_party/lwip/src/core/ip.c
/home/minilie/ohos/OH5/third_party/lwip/src/core/altcp.c
/home/minilie/ohos/OH5/third_party/lwip/src/core/altcp_alloc.c
/home/minilie/ohos/OH5/third_party/lwip/src/core/altcp_tcp.c
/home/minilie/ohos/OH5/third_party/lwip/src/core/net_group.c
/home/minilie/ohos/OH5/third_party/lwip/src/core/lowpower.c
/home/minilie/ohos/OH5/third_party/lwip/src/core/ipv4/autoip.c
/home/minilie/ohos/OH5/third_party/lwip/src/core/ipv6/dhcp6.c
/home/minilie/ohos/OH5/third_party/lwip/src/core/ipv6/ethip6.c
/home/minilie/ohos/OH5/third_party/lwip/src/core/ipv6/icmp6.c
/home/minilie/ohos/OH5/third_party/lwip/src/core/ipv6/inet6.c
/home/minilie/ohos/OH5/third_party/lwip/src/core/ipv6/ip6.c
/home/minilie/ohos/OH5/third_party/lwip/src/core/ipv6/ip6_addr.c
/home/minilie/ohos/OH5/third_party/lwip/src/core/ipv6/ip6_frag.c
/home/minilie/ohos/OH5/third_party/lwip/src/core/ipv6/mld6.c
/home/minilie/ohos/OH5/third_party/lwip/src/core/ipv6/nd6.c
/home/minilie/ohos/OH5/third_party/lwip/src/api/err.c
/home/minilie/ohos/OH5/third_party/lwip/src/netif/bridgeif.c
/home/minilie/ohos/OH5/third_party/lwip/src/netif/ppp/auth.c
/home/minilie/ohos/OH5/third_party/lwip/src/netif/ppp/ccp.c
/home/minilie/ohos/OH5/third_party/lwip/src/netif/ppp/chap-md5.c
/home/minilie/ohos/OH5/third_party/lwip/src/netif/ppp/chap_ms.c
/home/minilie/ohos/OH5/third_party/lwip/src/netif/ppp/chap-new.c
/home/minilie/ohos/OH5/third_party/lwip/src/netif/ppp/demand.c
/home/minilie/ohos/OH5/third_party/lwip/src/netif/ppp/eap.c
/home/minilie/ohos/OH5/third_party/lwip/src/netif/ppp/ecp.c
/home/minilie/ohos/OH5/third_party/lwip/src/netif/ppp/eui64.c
/home/minilie/ohos/OH5/third_party/lwip/src/netif/ppp/fsm.c
/home/minilie/ohos/OH5/third_party/lwip/src/netif/ppp/ipcp.c
/home/minilie/ohos/OH5/third_party/lwip/src/netif/ppp/ipv6cp.c
/home/minilie/ohos/OH5/third_party/lwip/src/netif/ppp/lcp.c
/home/minilie/ohos/OH5/third_party/lwip/src/netif/ppp/magic.c
/home/minilie/ohos/OH5/third_party/lwip/src/netif/ppp/mppe.c
/home/minilie/ohos/OH5/third_party/lwip/src/netif/ppp/multilink.c
/home/minilie/ohos/OH5/third_party/lwip/src/netif/ppp/ppp.c
/home/minilie/ohos/OH5/third_party/lwip/src/netif/ppp/pppapi.c
/home/minilie/ohos/OH5/third_party/lwip/src/netif/ppp/pppcrypt.c
/home/minilie/ohos/OH5/third_party/lwip/src/netif/ppp/pppoe.c
/home/minilie/ohos/OH5/third_party/lwip/src/netif/ppp/pppol2tp.c
/home/minilie/ohos/OH5/third_party/lwip/src/netif/ppp/pppos.c
/home/minilie/ohos/OH5/third_party/lwip/src/netif/ppp/upap.c
/home/minilie/ohos/OH5/third_party/lwip/src/netif/ppp/utils.c
/home/minilie/ohos/OH5/third_party/lwip/src/netif/ppp/vj.c
/home/minilie/ohos/OH5/third_party/lwip/src/netif/ppp/polarssl/arc4.c
/home/minilie/ohos/OH5/third_party/lwip/src/netif/ppp/polarssl/des.c
/home/minilie/ohos/OH5/third_party/lwip/src/netif/ppp/polarssl/md4.c
/home/minilie/ohos/OH5/third_party/lwip/src/netif/ppp/polarssl/md5.c
/home/minilie/ohos/OH5/third_party/lwip/src/netif/ppp/polarssl/sha1.c
/home/minilie/ohos/OH5/third_party/lwip/src/netif/lowpan6_common.c
/home/minilie/ohos/OH5/third_party/lwip/src/netif/lowpan6.c
/home/minilie/ohos/OH5/third_party/lwip/src/netif/lowpan6_ble.c
/home/minilie/ohos/OH5/third_party/lwip/src/netif/zepif.c
/home/minilie/ohos/OH5/third_party/bounds_checking_function/src/securecutil.c
/home/minilie/ohos/OH5/kernel/liteos_m/kal/posix/src/libc.c
/home/minilie/ohos/OH5/out/riscv32_virt/qemu_riscv_mini_system_demo/gen/third_party/freetype/freetype/src/base/ftbdf.c
/home/minilie/ohos/OH5/out/riscv32_virt/qemu_riscv_mini_system_demo/gen/third_party/freetype/freetype/src/base/ftcid.c
/home/minilie/ohos/OH5/out/riscv32_virt/qemu_riscv_mini_system_demo/gen/third_party/freetype/freetype/src/base/ftdebug.c
/home/minilie/ohos/OH5/out/riscv32_virt/qemu_riscv_mini_system_demo/gen/third_party/freetype/freetype/src/base/ftgasp.c
/home/minilie/ohos/OH5/out/riscv32_virt/qemu_riscv_mini_system_demo/gen/third_party/freetype/freetype/src/base/ftpatent.c
/home/minilie/ohos/OH5/out/riscv32_virt/qemu_riscv_mini_system_demo/gen/third_party/freetype/freetype/src/base/fttype1.c
/home/minilie/ohos/OH5/out/riscv32_virt/qemu_riscv_mini_system_demo/gen/third_party/freetype/freetype/src/base/ftwinfnt.c
/home/minilie/ohos/OH5/third_party/jerryscript/jerry-core/api/jerry-debugger-transport.c
/home/minilie/ohos/OH5/third_party/jerryscript/jerry-core/debugger/debugger.c
/home/minilie/ohos/OH5/third_party/jerryscript/jerry-core/ecma/builtin-objects/ecma-builtin-dataview-prototype.c
/home/minilie/ohos/OH5/third_party/jerryscript/jerry-core/ecma/builtin-objects/ecma-builtin-dataview.c
/home/minilie/ohos/OH5/third_party/jerryscript/jerry-core/ecma/builtin-objects/ecma-builtin-reflect.c
/home/minilie/ohos/OH5/third_party/jerryscript/jerry-core/ecma/builtin-objects/ecma-builtin-regexp-prototype.c
/home/minilie/ohos/OH5/third_party/jerryscript/jerry-core/ecma/builtin-objects/ecma-builtin-regexp.c
/home/minilie/ohos/OH5/third_party/jerryscript/jerry-core/ecma/builtin-objects/ecma-builtin-weakmap-prototype.c
/home/minilie/ohos/OH5/third_party/jerryscript/jerry-core/ecma/builtin-objects/ecma-builtin-weakmap.c
/home/minilie/ohos/OH5/third_party/jerryscript/jerry-core/ecma/builtin-objects/ecma-builtin-weakset-prototype.c
/home/minilie/ohos/OH5/third_party/jerryscript/jerry-core/ecma/builtin-objects/ecma-builtin-weakset.c
/home/minilie/ohos/OH5/third_party/jerryscript/jerry-core/ecma/operations/ecma-dataview-object.c
/home/minilie/ohos/OH5/third_party/jerryscript/jerry-core/ecma/operations/ecma-regexp-object.c
/home/minilie/ohos/OH5/third_party/jerryscript/jerry-core/ext/tracker.c
/home/minilie/ohos/OH5/third_party/jerryscript/jerry-core/parser/js/byte-code.c
/home/minilie/ohos/OH5/third_party/jerryscript/jerry-core/parser/regexp/re-bytecode.c
/home/minilie/ohos/OH5/third_party/jerryscript/jerry-core/parser/regexp/re-compiler.c
/home/minilie/ohos/OH5/third_party/jerryscript/jerry-core/parser/regexp/re-parser.c
/home/minilie/ohos/OH5/third_party/jerryscript/jerry-ext/debugger/debugger-common.c
/home/minilie/ohos/OH5/third_party/jerryscript/jerry-ext/debugger/debugger-rp.c
/home/minilie/ohos/OH5/third_party/jerryscript/jerry-ext/debugger/debugger-serial.c
/home/minilie/ohos/OH5/third_party/jerryscript/jerry-ext/debugger/debugger-sha1.c
/home/minilie/ohos/OH5/third_party/jerryscript/jerry-ext/debugger/debugger-tcp.c
/home/minilie/ohos/OH5/third_party/jerryscript/jerry-ext/debugger/debugger-ws.c
/home/minilie/ohos/OH5/third_party/jerryscript/jerry-port/default/default-debugger.c
/home/minilie/ohos/OH5/third_party/jerryscript/jerry-port/default/default-external-context.c
/home/minilie/ohos/OH5/out/riscv32_virt/qemu_riscv_mini_system_demo/gen/third_party/libjpeg-turbo/libjpeg-turbo-2.1.1/jcmainct.c
/home/minilie/ohos/OH5/out/riscv32_virt/qemu_riscv_mini_system_demo/gen/third_party/libjpeg-turbo/libjpeg-turbo-2.1.1/jcomapi.c
/home/minilie/ohos/OH5/out/riscv32_virt/qemu_riscv_mini_system_demo/gen/third_party/libjpeg-turbo/libjpeg-turbo-2.1.1/jfdctflt.c
/home/minilie/ohos/OH5/out/riscv32_virt/qemu_riscv_mini_system_demo/gen/third_party/libjpeg-turbo/libjpeg-turbo-2.1.1/jfdctfst.c
/home/minilie/ohos/OH5/out/riscv32_virt/qemu_riscv_mini_system_demo/gen/third_party/libjpeg-turbo/libjpeg-turbo-2.1.1/jfdctint.c
/home/minilie/ohos/OH5/out/riscv32_virt/qemu_riscv_mini_system_demo/gen/third_party/libjpeg-turbo/libjpeg-turbo-2.1.1/jidctflt.c
/home/minilie/ohos/OH5/out/riscv32_virt/qemu_riscv_mini_system_demo/gen/third_party/libjpeg-turbo/libjpeg-turbo-2.1.1/jidctfst.c
/home/minilie/ohos/OH5/out/riscv32_virt/qemu_riscv_mini_system_demo/gen/third_party/libjpeg-turbo/libjpeg-turbo-2.1.1/jidctint.c
/home/minilie/ohos/OH5/out/riscv32_virt/qemu_riscv_mini_system_demo/gen/third_party/libjpeg-turbo/libjpeg-turbo-2.1.1/jidctred.c
/home/minilie/ohos/OH5/out/riscv32_virt/qemu_riscv_mini_system_demo/gen/third_party/libjpeg-turbo/libjpeg-turbo-2.1.1/jsimd_none.c
/home/minilie/ohos/OH5/out/riscv32_virt/qemu_riscv_mini_system_demo/gen/third_party/libpng/libpng-1.6.38/arm/arm_init.c
/home/minilie/ohos/OH5/out/riscv32_virt/qemu_riscv_mini_system_demo/gen/third_party/libpng/libpng-1.6.38/arm/filter_neon_intrinsics.c
/home/minilie/ohos/OH5/out/riscv32_virt/qemu_riscv_mini_system_demo/gen/third_party/libpng/libpng-1.6.38/arm/palette_neon_intrinsics.c
/home/minilie/ohos/OH5/third_party/mbedtls/library/aesni.c
/home/minilie/ohos/OH5/third_party/mbedtls/library/aesce.c
/home/minilie/ohos/OH5/third_party/mbedtls/library/camellia.c
/home/minilie/ohos/OH5/third_party/mbedtls/library/ccm.c
/home/minilie/ohos/OH5/third_party/mbedtls/library/dhm.c
/home/minilie/ohos/OH5/third_party/mbedtls/library/error.c
/home/minilie/ohos/OH5/third_party/mbedtls/library/hmac_drbg.c
/home/minilie/ohos/OH5/third_party/mbedtls/library/memory_buffer_alloc.c
/home/minilie/ohos/OH5/third_party/mbedtls/library/mps_trace.c
/home/minilie/ohos/OH5/third_party/mbedtls/library/padlock.c
/home/minilie/ohos/OH5/third_party/mbedtls/library/pkcs12.c
/home/minilie/ohos/OH5/third_party/mbedtls/library/platform.c
/home/minilie/ohos/OH5/third_party/mbedtls/library/psa_crypto_se.c
/home/minilie/ohos/OH5/third_party/mbedtls/library/ripemd160.c
/home/minilie/ohos/OH5/third_party/mbedtls/library/ssl_tls13_server.c
/home/minilie/ohos/OH5/third_party/mbedtls/library/threading.c
/home/minilie/ohos/OH5/third_party/mbedtls/library/ssl_tls12_server.c
/home/minilie/ohos/OH5/third_party/mbedtls/port/src/tls_certificate.c
/home/minilie/ohos/OH5/third_party/mbedtls/library/debug.c
/home/minilie/ohos/OH5/third_party/mbedtls/library/ssl_ticket.c
/home/minilie/ohos/OH5/third_party/mbedtls/library/x509_create.c
/home/minilie/ohos/OH5/third_party/mbedtls/library/x509_csr.c
/home/minilie/ohos/OH5/third_party/mbedtls/library/x509write_crt.c
/home/minilie/ohos/OH5/third_party/mbedtls/library/x509write_csr.c
/home/minilie/ohos/OH5/vendor/ohemu/qemu_riscv32_mini_system_demo/hals/utils/sys_param/hal_sys_param.c
